{
  "RSpec": {
    "coverage": {
      "/home/sachin/xebia/art_gallery/spec/lib/foot_traffic_analysis_spec.rb": [
        1,
        null,
        1,
        1,
        1,
        1,
        1,
        1,
        1,
        null,
        null,
        null,
        null
      ],
      "/home/sachin/xebia/art_gallery/spec/rails_helper.rb": [
        1,
        1,
        1,
        1,
        1,
        null,
        1,
        null,
        1,
        1,
        1,
        1,
        1,
        null
      ],
      "/home/sachin/xebia/art_gallery/config/environment.rb": [
        null,
        1,
        null,
        null,
        1
      ],
      "/home/sachin/xebia/art_gallery/config/application.rb": [
        1,
        null,
        1,
        null,
        null,
        null,
        1,
        null,
        1,
        null,
        1,
        null,
        null,
        null,
        null,
        null,
        null,
        null
      ],
      "/home/sachin/xebia/art_gallery/config/boot.rb": [
        1,
        null,
        1
      ],
      "/home/sachin/xebia/art_gallery/config/environments/test.rb": [
        1,
        null,
        null,
        null,
        null,
        null,
        null,
        null,
        1,
        null,
        null,
        null,
        null,
        1,
        null,
        null,
        1,
        1,
        null,
        null,
        null,
        null,
        1,
        1,
        null,
        null,
        1,
        null,
        null,
        1,
        1,
        null,
        null,
        null,
        null,
        1,
        null,
        null,
        1,
        null,
        null,
        null,
        null
      ],
      "/home/sachin/xebia/art_gallery/config/initializers/application_controller_renderer.rb": [
        null,
        null,
        null,
        null,
        null,
        null
      ],
      "/home/sachin/xebia/art_gallery/config/initializers/assets.rb": [
        null,
        null,
        null,
        1,
        null,
        null,
        null,
        null,
        null,
        null,
        null,
        null
      ],
      "/home/sachin/xebia/art_gallery/config/initializers/backtrace_silencers.rb": [
        null,
        null,
        null,
        null,
        null,
        null,
        null,
        null,
        null
      ],
      "/home/sachin/xebia/art_gallery/config/initializers/cookies_serializer.rb": [
        null,
        null,
        null,
        null,
        1
      ],
      "/home/sachin/xebia/art_gallery/config/initializers/filter_parameter_logging.rb": [
        null,
        null,
        null,
        1
      ],
      "/home/sachin/xebia/art_gallery/config/initializers/inflections.rb": [
        null,
        null,
        null,
        null,
        null,
        null,
        null,
        null,
        null,
        null,
        null,
        null,
        null,
        null,
        null,
        null
      ],
      "/home/sachin/xebia/art_gallery/config/initializers/mime_types.rb": [
        null,
        null,
        null,
        null
      ],
      "/home/sachin/xebia/art_gallery/config/initializers/new_framework_defaults.rb": [
        null,
        null,
        null,
        null,
        null,
        null,
        null,
        1,
        null,
        null,
        null,
        1,
        null,
        null,
        null,
        1,
        null,
        null,
        1,
        null,
        null,
        1,
        null,
        null,
        1
      ],
      "/home/sachin/xebia/art_gallery/config/initializers/session_store.rb": [
        null,
        null,
        null,
        1
      ],
      "/home/sachin/xebia/art_gallery/config/initializers/wrap_parameters.rb": [
        null,
        null,
        null,
        null,
        null,
        null,
        null,
        1,
        2,
        null,
        null,
        null,
        null,
        null,
        null
      ],
      "/home/sachin/xebia/art_gallery/config/routes.rb": [
        1,
        1,
        1,
        null
      ],
      "/home/sachin/xebia/art_gallery/app/helpers/application_helper.rb": [
        null,
        1,
        null
      ],
      "/home/sachin/xebia/art_gallery/app/lib/foot_traffic_analysis.rb": [
        1,
        1,
        1,
        null,
        null,
        1,
        1,
        null,
        1,
        2,
        null,
        null,
        1,
        1,
        1,
        null,
        null,
        1,
        null,
        1,
        1,
        1,
        1,
        null,
        1,
        null,
        null,
        1,
        1,
        1,
        2,
        null,
        1,
        null,
        null,
        1,
        1,
        null,
        null,
        1,
        1,
        5,
        5,
        null,
        1,
        null,
        null,
        1,
        1,
        null,
        null
      ],
      "/home/sachin/xebia/art_gallery/app/lib/room.rb": [
        null,
        1,
        1,
        null,
        1,
        3,
        null,
        null,
        1,
        2,
        2,
        2,
        null,
        null,
        1,
        null,
        1,
        2,
        null,
        null,
        1,
        2,
        null,
        null,
        1,
        2,
        2,
        2,
        5,
        5,
        null,
        2,
        null,
        null,
        1,
        4,
        null,
        null
      ],
      "/home/sachin/xebia/art_gallery/app/lib/visit.rb": [
        null,
        1,
        1,
        null,
        1,
        7,
        7,
        7,
        7,
        null,
        null
      ],
      "/home/sachin/xebia/art_gallery/app/lib/log_file.rb": [
        null,
        1,
        1,
        null,
        1,
        5,
        null,
        null,
        1,
        2,
        12,
        2,
        null,
        null,
        1,
        null,
        1,
        3,
        null,
        null
      ],
      "/home/sachin/xebia/art_gallery/spec/lib/log_file_spec.rb": [
        1,
        null,
        1,
        1,
        1,
        1,
        1,
        null,
        null,
        null,
        1,
        1,
        1,
        1,
        1,
        null,
        null,
        null,
        null,
        1,
        1,
        1,
        1,
        1,
        null,
        null,
        null,
        null
      ],
      "/home/sachin/xebia/art_gallery/spec/lib/room_spec.rb": [
        1,
        null,
        1,
        1,
        1,
        1,
        1,
        1,
        1,
        null,
        null,
        null,
        null
      ],
      "/home/sachin/xebia/art_gallery/spec/lib/visit_spec.rb": [
        1,
        null,
        1,
        1,
        1,
        1,
        1,
        1,
        null,
        null,
        null,
        null,
        null,
        null
      ],
      "/home/sachin/xebia/art_gallery/spec/models/foot_traffic_spec.rb": [
        1,
        1,
        null,
        1,
        1,
        null,
        2,
        2,
        null,
        1,
        1,
        2,
        null,
        null,
        1,
        1,
        1,
        null,
        null,
        1,
        1,
        1,
        1,
        null,
        1,
        1,
        null,
        null,
        null,
        null
      ],
      "/home/sachin/xebia/art_gallery/app/models/foot_traffic.rb": [
        null,
        1,
        1,
        null,
        1,
        1,
        1,
        null,
        null,
        1,
        1,
        1,
        1,
        null,
        null
      ],
      "/home/sachin/xebia/art_gallery/app/models/application_record.rb": [
        null,
        1,
        1,
        null
      ],
      "/home/sachin/xebia/art_gallery/app/uploaders/log_uploader.rb": [
        null,
        1,
        1,
        null,
        1,
        2,
        null,
        null,
        1,
        4,
        null,
        null,
        1,
        4,
        null,
        null
      ]
    },
    "timestamp": 1499020635
  }
}
